<?xml version="1.0" encoding="UTF-8"?>
<testng-results skipped="0" failed="1" ignored="0" total="3" passed="2">
  <reporter-output>
  </reporter-output>
  <suite name="Suite" duration-ms="117664" started-at="2020-08-20T14:50:06Z" finished-at="2020-08-20T14:52:03Z">
    <groups>
    </groups>
    <test name="Test" duration-ms="117664" started-at="2020-08-20T14:50:06Z" finished-at="2020-08-20T14:52:03Z">
      <class name="HomeDashboardTest">
        <test-method status="PASS" signature="setup2()[pri:0, instance:HomeDashboardTest@d8355a8]" name="setup2" is-config="true" duration-ms="22237" started-at="2020-08-20T14:51:19Z" finished-at="2020-08-20T14:51:42Z">
          <reporter-output>
          </reporter-output>
        </test-method> <!-- setup2 -->
        <test-method status="PASS" signature="dashboardDetailsTest()[pri:0, instance:HomeDashboardTest@d8355a8]" name="dashboardDetailsTest" duration-ms="20923" started-at="2020-08-20T14:51:42Z" finished-at="2020-08-20T14:52:03Z">
          <reporter-output>
          </reporter-output>
        </test-method> <!-- dashboardDetailsTest -->
        <test-method status="PASS" signature="closebrowser()[pri:0, instance:HomeDashboardTest@d8355a8]" name="closebrowser" is-config="true" duration-ms="926" started-at="2020-08-20T14:52:03Z" finished-at="2020-08-20T14:52:03Z">
          <reporter-output>
          </reporter-output>
        </test-method> <!-- closebrowser -->
      </class> <!-- HomeDashboardTest -->
      <class name="LoginPageTest">
        <test-method status="PASS" signature="setup1()[pri:0, instance:LoginPageTest@46d56d67]" name="setup1" is-config="true" duration-ms="23724" started-at="2020-08-20T14:50:46Z" finished-at="2020-08-20T14:51:10Z">
          <reporter-output>
          </reporter-output>
        </test-method> <!-- setup1 -->
        <test-method status="PASS" signature="logindetailstest()[pri:0, instance:LoginPageTest@46d56d67]" name="logindetailstest" duration-ms="8679" started-at="2020-08-20T14:51:10Z" finished-at="2020-08-20T14:51:18Z">
          <reporter-output>
          </reporter-output>
        </test-method> <!-- logindetailstest -->
        <test-method status="PASS" signature="closebrowser()[pri:0, instance:LoginPageTest@46d56d67]" name="closebrowser" is-config="true" duration-ms="887" started-at="2020-08-20T14:51:18Z" finished-at="2020-08-20T14:51:19Z">
          <reporter-output>
          </reporter-output>
        </test-method> <!-- closebrowser -->
      </class> <!-- LoginPageTest -->
      <class name="signUpTest">
        <test-method status="PASS" signature="setup()[pri:0, instance:signUpTest@14acaea5]" name="setup" is-config="true" duration-ms="17436" started-at="2020-08-20T14:50:06Z" finished-at="2020-08-20T14:50:23Z">
          <reporter-output>
          </reporter-output>
        </test-method> <!-- setup -->
        <test-method status="FAIL" signature="signUpdetailstest()[pri:0, instance:signUpTest@14acaea5]" name="signUpdetailstest" duration-ms="21867" started-at="2020-08-20T14:50:23Z" finished-at="2020-08-20T14:50:45Z">
          <exception class="org.openqa.selenium.NoSuchElementException">
            <message>
              <![CDATA[no such element: Unable to locate element: {"method":"xpath","selector":"//input[@id='id_gender1']"}
  (Session info: chrome=84.0.4147.125)
For documentation on this error, please visit: https://www.seleniumhq.org/exceptions/no_such_element.html
Build info: version: '3.141.59', revision: 'e82be7d358', time: '2018-11-14T08:17:03'
System info: host: 'DESKTOP-3V8M909', ip: '192.168.0.102', os.name: 'Windows 10', os.arch: 'amd64', os.version: '10.0', java.version: '1.8.0_171'
Driver info: org.openqa.selenium.chrome.ChromeDriver
Capabilities {acceptInsecureCerts: false, browserName: chrome, browserVersion: 84.0.4147.125, chrome: {chromedriverVersion: 84.0.4147.30 (48b3e868b4cc0..., userDataDir: C:\Users\DELL\AppData\Local...}, goog:chromeOptions: {debuggerAddress: localhost:63510}, javascriptEnabled: true, networkConnectionEnabled: false, pageLoadStrategy: normal, platform: WINDOWS, platformName: WINDOWS, proxy: Proxy(), setWindowRect: true, strictFileInteractability: false, timeouts: {implicit: 0, pageLoad: 300000, script: 30000}, unhandledPromptBehavior: dismiss and notify, webauthn:virtualAuthenticators: true}
Session ID: ae651a03f3f80caadee7b245242b5430
*** Element info: {Using=xpath, value=//input[@id='id_gender1']}]]>
            </message>
            <full-stacktrace>
              <![CDATA[org.openqa.selenium.NoSuchElementException: no such element: Unable to locate element: {"method":"xpath","selector":"//input[@id='id_gender1']"}
  (Session info: chrome=84.0.4147.125)
For documentation on this error, please visit: https://www.seleniumhq.org/exceptions/no_such_element.html
Build info: version: '3.141.59', revision: 'e82be7d358', time: '2018-11-14T08:17:03'
System info: host: 'DESKTOP-3V8M909', ip: '192.168.0.102', os.name: 'Windows 10', os.arch: 'amd64', os.version: '10.0', java.version: '1.8.0_171'
Driver info: org.openqa.selenium.chrome.ChromeDriver
Capabilities {acceptInsecureCerts: false, browserName: chrome, browserVersion: 84.0.4147.125, chrome: {chromedriverVersion: 84.0.4147.30 (48b3e868b4cc0..., userDataDir: C:\Users\DELL\AppData\Local...}, goog:chromeOptions: {debuggerAddress: localhost:63510}, javascriptEnabled: true, networkConnectionEnabled: false, pageLoadStrategy: normal, platform: WINDOWS, platformName: WINDOWS, proxy: Proxy(), setWindowRect: true, strictFileInteractability: false, timeouts: {implicit: 0, pageLoad: 300000, script: 30000}, unhandledPromptBehavior: dismiss and notify, webauthn:virtualAuthenticators: true}
Session ID: ae651a03f3f80caadee7b245242b5430
*** Element info: {Using=xpath, value=//input[@id='id_gender1']}
at sun.reflect.NativeConstructorAccessorImpl.newInstance0(Native Method)
at sun.reflect.NativeConstructorAccessorImpl.newInstance(NativeConstructorAccessorImpl.java:62)
at sun.reflect.DelegatingConstructorAccessorImpl.newInstance(DelegatingConstructorAccessorImpl.java:45)
at java.lang.reflect.Constructor.newInstance(Constructor.java:423)
at org.openqa.selenium.remote.http.W3CHttpResponseCodec.createException(W3CHttpResponseCodec.java:187)
at org.openqa.selenium.remote.http.W3CHttpResponseCodec.decode(W3CHttpResponseCodec.java:122)
at org.openqa.selenium.remote.http.W3CHttpResponseCodec.decode(W3CHttpResponseCodec.java:49)
at org.openqa.selenium.remote.HttpCommandExecutor.execute(HttpCommandExecutor.java:158)
at org.openqa.selenium.remote.service.DriverCommandExecutor.execute(DriverCommandExecutor.java:83)
at org.openqa.selenium.remote.RemoteWebDriver.execute(RemoteWebDriver.java:552)
at org.openqa.selenium.remote.RemoteWebDriver.findElement(RemoteWebDriver.java:323)
at org.openqa.selenium.remote.RemoteWebDriver.findElementByXPath(RemoteWebDriver.java:428)
at org.openqa.selenium.By$ByXPath.findElement(By.java:353)
at org.openqa.selenium.remote.RemoteWebDriver.findElement(RemoteWebDriver.java:315)
at org.openqa.selenium.support.pagefactory.DefaultElementLocator.findElement(DefaultElementLocator.java:69)
at org.openqa.selenium.support.pagefactory.internal.LocatingElementHandler.invoke(LocatingElementHandler.java:38)
at com.sun.proxy.$Proxy9.click(Unknown Source)
at signUpPage.signUpDetails(signUpPage.java:83)
at signUpTest.signUpdetailstest(signUpTest.java:28)
at sun.reflect.NativeMethodAccessorImpl.invoke0(Native Method)
at sun.reflect.NativeMethodAccessorImpl.invoke(NativeMethodAccessorImpl.java:62)
at sun.reflect.DelegatingMethodAccessorImpl.invoke(DelegatingMethodAccessorImpl.java:43)
at java.lang.reflect.Method.invoke(Method.java:498)
at org.testng.internal.MethodInvocationHelper.invokeMethod(MethodInvocationHelper.java:124)
at org.testng.internal.Invoker.invokeMethod(Invoker.java:583)
at org.testng.internal.Invoker.invokeTestMethod(Invoker.java:719)
at org.testng.internal.Invoker.invokeTestMethods(Invoker.java:989)
at org.testng.internal.TestMethodWorker.invokeTestMethods(TestMethodWorker.java:125)
at org.testng.internal.TestMethodWorker.run(TestMethodWorker.java:109)
at org.testng.TestRunner.privateRun(TestRunner.java:648)
at org.testng.TestRunner.run(TestRunner.java:505)
at org.testng.SuiteRunner.runTest(SuiteRunner.java:455)
at org.testng.SuiteRunner.runSequentially(SuiteRunner.java:450)
at org.testng.SuiteRunner.privateRun(SuiteRunner.java:415)
at org.testng.SuiteRunner.run(SuiteRunner.java:364)
at org.testng.SuiteRunnerWorker.runSuite(SuiteRunnerWorker.java:52)
at org.testng.SuiteRunnerWorker.run(SuiteRunnerWorker.java:84)
at org.testng.TestNG.runSuitesSequentially(TestNG.java:1208)
at org.testng.TestNG.runSuitesLocally(TestNG.java:1137)
at org.testng.TestNG.runSuites(TestNG.java:1049)
at org.testng.TestNG.run(TestNG.java:1017)
at org.testng.remote.AbstractRemoteTestNG.run(AbstractRemoteTestNG.java:132)
at org.testng.remote.RemoteTestNG.initAndRun(RemoteTestNG.java:236)
at org.testng.remote.RemoteTestNG.main(RemoteTestNG.java:81)
]]>
            </full-stacktrace>
          </exception> <!-- org.openqa.selenium.NoSuchElementException -->
          <reporter-output>
          </reporter-output>
        </test-method> <!-- signUpdetailstest -->
        <test-method status="PASS" signature="closebrowser()[pri:0, instance:signUpTest@14acaea5]" name="closebrowser" is-config="true" duration-ms="911" started-at="2020-08-20T14:50:45Z" finished-at="2020-08-20T14:50:46Z">
          <reporter-output>
          </reporter-output>
        </test-method> <!-- closebrowser -->
      </class> <!-- signUpTest -->
    </test> <!-- Test -->
  </suite> <!-- Suite -->
</testng-results>
